<?xml version="1.0" encoding="UTF-8"?>
<!-- Generated by org.testng.reporters.JUnitReportReporter -->
<testsuite hostname="xiezhilin" name="com.xiezl.customers.Customers" tests="1" failures="0" timestamp="12 Mar 2019 06:12:44 GMT" time="1.691" errors="0">
  <testcase name="NewCustomers" time="1.691" classname="com.xiezl.customers.Customers"/>
</testsuite> <!-- com.xiezl.customers.Customers -->
