<?xml version="1.0" encoding="UTF-8"?>
<!-- Generated by org.testng.reporters.JUnitReportReporter -->
<testsuite hostname="xiezhilin" name="com.xiezl.Base" tests="1" failures="0" timestamp="11 Mar 2019 11:43:28 GMT" time="0.652" errors="0">
  <testcase name="init" time="0.652" classname="com.xiezl.Base"/>
</testsuite> <!-- com.xiezl.Base -->
