<?xml version="1.0" encoding="UTF-8"?>
<!-- Generated by org.testng.reporters.JUnitReportReporter -->
<testsuite hostname="xiezhilin" name="com.xiezl.customers.CustomersPage" tests="1" failures="0" timestamp="15 Mar 2019 05:17:55 GMT" time="0.664" errors="0">
  <testcase name="NewCustomers" time="0.664" classname="com.xiezl.customers.CustomersPage"/>
</testsuite> <!-- com.xiezl.customers.CustomersPage -->
