<?xml version="1.0" encoding="UTF-8"?>
<!-- Generated by org.testng.reporters.JUnitReportReporter -->
<testsuite hostname="xiezhilin" name="com.xiezl.login.LoginTest" tests="1" failures="0" timestamp="11 Mar 2019 16:41:34 GMT" time="3.237" errors="0">
  <testcase name="init" time="3.237" classname="com.xiezl.login.LoginTest"/>
</testsuite> <!-- com.xiezl.login.LoginTest -->
