<?xml version="1.0" encoding="UTF-8"?>
<!-- Generated by org.testng.reporters.JUnitReportReporter -->
<testsuite hostname="xiezhilin" name="com.xiezl.customers.CustomersPage" tests="1" failures="0" timestamp="19 Mar 2019 06:29:15 GMT" time="2.842" errors="0">
  <testcase name="NewCustomers" time="2.842" classname="com.xiezl.customers.CustomersPage"/>
</testsuite> <!-- com.xiezl.customers.CustomersPage -->
