<?xml version="1.0" encoding="UTF-8"?>
<!-- Generated by org.testng.reporters.JUnitReportReporter -->
<testsuite hostname="xiezhilin" name="com.xiezl.login.LoginPage" tests="1" failures="0" timestamp="15 Mar 2019 07:22:19 GMT" time="5.392" errors="0">
  <testcase name="inittest" time="5.392" classname="com.xiezl.login.LoginPage"/>
</testsuite> <!-- com.xiezl.login.LoginPage -->
